# JRE version: OpenJDK Runtime Environment (8.0_112-b06) (build 1.8.0_112-release-b06)
# Java VM: OpenJDK 64-Bit Server VM (25.112-b06 mixed mode windows-amd64 compressed oops)
Heap:
 PSYoungGen      total 428544K, used 56023K [0x00000000e0000000, 0x00000000ffc00000, 0x0000000100000000)
  eden space 376832K, 5% used [0x00000000e0000000,0x00000000e12a59d8,0x00000000f7000000)
  from space 51712K, 71% used [0x00000000f7000000,0x00000000f9410260,0x00000000fa280000)
  to   space 54784K, 0% used [0x00000000fc680000,0x00000000fc680000,0x00000000ffc00000)
 ParOldGen       total 162304K, used 84900K [0x00000000a0000000, 0x00000000a9e80000, 0x00000000e0000000)
  object space 162304K, 52% used [0x00000000a0000000,0x00000000a52e9088,0x00000000a9e80000)
 Metaspace       used 83327K, capacity 89572K, committed 89856K, reserved 1128448K
  class space    used 10533K, capacity 11481K, committed 11520K, reserved 1048576K
GC Heap History (10 events):
Event: 3807.731 GC heap after
Heap after GC invocations=35 (full 3):
 PSYoungGen      total 334336K, used 6080K [0x00000000e0000000, 0x00000000f6800000, 0x0000000100000000)
  eden space 310272K, 0% used [0x00000000e0000000,0x00000000e0000000,0x00000000f2f00000)
  from space 24064K, 25% used [0x00000000f5080000,0x00000000f56700b0,0x00000000f6800000)
  to   space 29184K, 0% used [0x00000000f2f00000,0x00000000f2f00000,0x00000000f4b80000)
 ParOldGen       total 162304K, used 59156K [0x00000000a0000000, 0x00000000a9e80000, 0x00000000e0000000)
  object space 162304K, 36% used [0x00000000a0000000,0x00000000a39c5328,0x00000000a9e80000)
 Metaspace       used 77644K, capacity 82458K, committed 82688K, reserved 1122304K
  class space    used 9883K, capacity 10665K, committed 10752K, reserved 1048576K
}
Event: 8783.035 GC heap before
{Heap before GC invocations=36 (full 3):
 PSYoungGen      total 334336K, used 316352K [0x00000000e0000000, 0x00000000f6800000, 0x0000000100000000)
  eden space 310272K, 100% used [0x00000000e0000000,0x00000000f2f00000,0x00000000f2f00000)
  from space 24064K, 25% used [0x00000000f5080000,0x00000000f56700b0,0x00000000f6800000)
  to   space 29184K, 0% used [0x00000000f2f00000,0x00000000f2f00000,0x00000000f4b80000)
 ParOldGen       total 162304K, used 59156K [0x00000000a0000000, 0x00000000a9e80000, 0x00000000e0000000)
  object space 162304K, 36% used [0x00000000a0000000,0x00000000a39c5328,0x00000000a9e80000)
 Metaspace       used 77817K, capacity 82738K, committed 82944K, reserved 1122304K
  class space    used 9899K, capacity 10683K, committed 10752K, reserved 1048576K
Event: 8783.118 GC heap after
Heap after GC invocations=36 (full 3):
 PSYoungGen      total 339456K, used 8048K [0x00000000e0000000, 0x00000000f9000000, 0x0000000100000000)
  eden space 310272K, 0% used [0x00000000e0000000,0x00000000e0000000,0x00000000f2f00000)
  from space 29184K, 27% used [0x00000000f2f00000,0x00000000f36dc010,0x00000000f4b80000)
  to   space 28672K, 0% used [0x00000000f7400000,0x00000000f7400000,0x00000000f9000000)
 ParOldGen       total 162304K, used 61157K [0x00000000a0000000, 0x00000000a9e80000, 0x00000000e0000000)
  object space 162304K, 37% used [0x00000000a0000000,0x00000000a3bb9720,0x00000000a9e80000)
 Metaspace       used 77817K, capacity 82738K, committed 82944K, reserved 1122304K
  class space    used 9899K, capacity 10683K, committed 10752K, reserved 1048576K
}
Event: 8789.349 GC heap before
{Heap before GC invocations=37 (full 3):
 PSYoungGen      total 339456K, used 318320K [0x00000000e0000000, 0x00000000f9000000, 0x0000000100000000)
  eden space 310272K, 100% used [0x00000000e0000000,0x00000000f2f00000,0x00000000f2f00000)
  from space 29184K, 27% used [0x00000000f2f00000,0x00000000f36dc010,0x00000000f4b80000)
  to   space 28672K, 0% used [0x00000000f7400000,0x00000000f7400000,0x00000000f9000000)
 ParOldGen       total 162304K, used 61157K [0x00000000a0000000, 0x00000000a9e80000, 0x00000000e0000000)
  object space 162304K, 37% used [0x00000000a0000000,0x00000000a3bb9720,0x00000000a9e80000)
 Metaspace       used 79227K, capacity 84248K, committed 84352K, reserved 1122304K
  class space    used 9992K, capacity 10795K, committed 10880K, reserved 1048576K
Event: 8789.399 GC heap after
Heap after GC invocations=37 (full 3):
 PSYoungGen      total 371712K, used 28646K [0x00000000e0000000, 0x00000000f9f00000, 0x0000000100000000)
  eden space 343040K, 0% used [0x00000000e0000000,0x00000000e0000000,0x00000000f4f00000)
  from space 28672K, 99% used [0x00000000f7400000,0x00000000f8ff9aa8,0x00000000f9000000)
  to   space 37888K, 0% used [0x00000000f4f00000,0x00000000f4f00000,0x00000000f7400000)
 ParOldGen       total 162304K, used 75328K [0x00000000a0000000, 0x00000000a9e80000, 0x00000000e0000000)
  object space 162304K, 46% used [0x00000000a0000000,0x00000000a4990220,0x00000000a9e80000)
 Metaspace       used 79227K, capacity 84248K, committed 84352K, reserved 1122304K
  class space    used 9992K, capacity 10795K, committed 10880K, reserved 1048576K
}
Event: 8791.879 GC heap before
{Heap before GC invocations=38 (full 3):
 PSYoungGen      total 371712K, used 371686K [0x00000000e0000000, 0x00000000f9f00000, 0x0000000100000000)
  eden space 343040K, 100% used [0x00000000e0000000,0x00000000f4f00000,0x00000000f4f00000)
  from space 28672K, 99% used [0x00000000f7400000,0x00000000f8ff9aa8,0x00000000f9000000)
  to   space 37888K, 0% used [0x00000000f4f00000,0x00000000f4f00000,0x00000000f7400000)
 ParOldGen       total 162304K, used 75328K [0x00000000a0000000, 0x00000000a9e80000, 0x00000000e0000000)
  object space 162304K, 46% used [0x00000000a0000000,0x00000000a4990220,0x00000000a9e80000)
 Metaspace       used 79382K, capacity 84388K, committed 84608K, reserved 1122304K
  class space    used 9994K, capacity 10797K, committed 10880K, reserved 1048576K
Event: 8791.921 GC heap after
Heap after GC invocations=38 (full 3):
 PSYoungGen      total 380928K, used 35372K [0x00000000e0000000, 0x00000000fcc80000, 0x0000000100000000)
  eden space 343040K, 0% used [0x00000000e0000000,0x00000000e0000000,0x00000000f4f00000)
  from space 37888K, 93% used [0x00000000f4f00000,0x00000000f718b028,0x00000000f7400000)
  to   space 43008K, 0% used [0x00000000fa280000,0x00000000fa280000,0x00000000fcc80000)
 ParOldGen       total 162304K, used 75528K [0x00000000a0000000, 0x00000000a9e80000, 0x00000000e0000000)
  object space 162304K, 46% used [0x00000000a0000000,0x00000000a49c2220,0x00000000a9e80000)
 Metaspace       used 79382K, capacity 84388K, committed 84608K, reserved 1122304K
  class space    used 9994K, capacity 10797K, committed 10880K, reserved 1048576K
}
Event: 11488.007 GC heap before
{Heap before GC invocations=39 (full 3):
 PSYoungGen      total 380928K, used 378412K [0x00000000e0000000, 0x00000000fcc80000, 0x0000000100000000)
  eden space 343040K, 100% used [0x00000000e0000000,0x00000000f4f00000,0x00000000f4f00000)
  from space 37888K, 93% used [0x00000000f4f00000,0x00000000f718b028,0x00000000f7400000)
  to   space 43008K, 0% used [0x00000000fa280000,0x00000000fa280000,0x00000000fcc80000)
 ParOldGen       total 162304K, used 75528K [0x00000000a0000000, 0x00000000a9e80000, 0x00000000e0000000)
  object space 162304K, 46% used [0x00000000a0000000,0x00000000a49c2220,0x00000000a9e80000)
 Metaspace       used 82493K, capacity 87618K, committed 87808K, reserved 1126400K
  class space    used 10364K, capacity 11174K, committed 11264K, reserved 1048576K
Event: 11488.091 GC heap after
Heap after GC invocations=39 (full 3):
 PSYoungGen      total 419840K, used 43007K [0x00000000e0000000, 0x00000000fd780000, 0x0000000100000000)
  eden space 376832K, 0% used [0x00000000e0000000,0x00000000e0000000,0x00000000f7000000)
  from space 43008K, 99% used [0x00000000fa280000,0x00000000fcc7fd20,0x00000000fcc80000)
  to   space 51712K, 0% used [0x00000000f7000000,0x00000000f7000000,0x00000000fa280000)
 ParOldGen       total 162304K, used 81888K [0x00000000a0000000, 0x00000000a9e80000, 0x00000000e0000000)
  object space 162304K, 50% used [0x00000000a0000000,0x00000000a4ff8170,0x00000000a9e80000)
 Metaspace       used 82493K, capacity 87618K, committed 87808K, reserved 1126400K
  class space    used 10364K, capacity 11174K, committed 11264K, reserved 1048576K
}
Event: 11607.435 GC heap before
{Heap before GC invocations=40 (full 3):
 PSYoungGen      total 419840K, used 419839K [0x00000000e0000000, 0x00000000fd780000, 0x0000000100000000)
  eden space 376832K, 100% used [0x00000000e0000000,0x00000000f7000000,0x00000000f7000000)
  from space 43008K, 99% used [0x00000000fa280000,0x00000000fcc7fd20,0x00000000fcc80000)
  to   space 51712K, 0% used [0x00000000f7000000,0x00000000f7000000,0x00000000fa280000)
 ParOldGen       total 162304K, used 81888K [0x00000000a0000000, 0x00000000a9e80000, 0x00000000e0000000)
  object space 162304K, 50% used [0x00000000a0000000,0x00000000a4ff8170,0x00000000a9e80000)
 Metaspace       used 83327K, capacity 89572K, committed 89856K, reserved 1128448K
  class space    used 10533K, capacity 11481K, committed 11520K, reserved 1048576K

